<?xml version="1.0" encoding="UTF-8"?>
<testng-results total="4" passed="4" failed="0" skipped="0">
  <reporter-output>
  </reporter-output>
  <suite started-at="2022-03-16T18:52:38Z" name="Suite" finished-at="2022-03-16T18:52:47Z" duration-ms="8752">
    <groups>
    </groups>
    <test started-at="2022-03-16T18:52:38Z" name="Test" finished-at="2022-03-16T18:52:47Z" duration-ms="8752">
      <class name="RESTAssured.Ecom">
        <test-method signature="login()[pri:1, instance:RESTAssured.Ecom@302f7971]" started-at="2022-03-17T00:22:42Z" name="login" finished-at="2022-03-17T00:22:46Z" duration-ms="3919" status="PASS">
          <reporter-output>
          </reporter-output>
        </test-method> <!-- login -->
      </class> <!-- RESTAssured.Ecom -->
      <class name="RESTAssured.Trello">
        <test-method signature="createBoard()[pri:0, instance:RESTAssured.Trello@9573584]" started-at="2022-03-17T00:22:38Z" name="createBoard" finished-at="2022-03-17T00:22:42Z" duration-ms="3451" status="PASS">
          <reporter-output>
          </reporter-output>
        </test-method> <!-- createBoard -->
        <test-method signature="getBoard()[pri:1, instance:RESTAssured.Trello@9573584]" started-at="2022-03-17T00:22:46Z" name="getBoard" finished-at="2022-03-17T00:22:46Z" duration-ms="609" status="PASS">
          <reporter-output>
          </reporter-output>
        </test-method> <!-- getBoard -->
        <test-method signature="deleteBoard()[pri:2, instance:RESTAssured.Trello@9573584]" started-at="2022-03-17T00:22:46Z" name="deleteBoard" finished-at="2022-03-17T00:22:47Z" duration-ms="744" status="PASS">
          <reporter-output>
          </reporter-output>
        </test-method> <!-- deleteBoard -->
      </class> <!-- RESTAssured.Trello -->
    </test> <!-- Test -->
  </suite> <!-- Suite -->
</testng-results>
