<?xml version="1.0" encoding="UTF-8"?>
<!-- Generated by org.testng.reporters.JUnitXMLReporter -->
<testsuite hostname="DESKTOP-H9758L6" failures="0" tests="4" name="Test" time="8.805" errors="0" timestamp="16 Mar 2022 18:59:50 GMT">
  <testcase classname="RESTAssured.Trello" name="createBoard" time="3.497"/>
  <testcase classname="RESTAssured.Ecom" name="login" time="3.974"/>
  <testcase classname="RESTAssured.Trello" name="getBoard" time="0.57"/>
  <testcase classname="RESTAssured.Trello" name="deleteBoard" time="0.752"/>
</testsuite> <!-- Test -->
