<?xml version="1.0" encoding="UTF-8"?>
<!-- Generated by org.testng.reporters.JUnitXMLReporter -->
<testsuite hostname="DESKTOP-H9758L6" failures="0" tests="3" name="Default test" time="5.309" errors="0" timestamp="16 Mar 2022 18:48:43 GMT">
  <testcase classname="RESTAssured.Trello" name="createBoard" time="3.923"/>
  <testcase classname="RESTAssured.Trello" name="getBoard" time="0.59"/>
  <testcase classname="RESTAssured.Trello" name="deleteBoard" time="0.778"/>
</testsuite> <!-- Default test -->
