<?xml version="1.0" encoding="UTF-8"?>
<testsuite xmlns:xsi="http://www.w3.org/2001/XMLSchema-instance" xsi:noNamespaceSchemaLocation="https://maven.apache.org/surefire/maven-surefire-plugin/xsd/surefire-test-report-3.0.xsd" version="3.0" name="RESTAssured.Ecom" time="13.08" tests="3" errors="0" skipped="0" failures="2">
  <properties>
[...]
</properties>
  <testcase name="signUp" classname="RESTAssured.Ecom" time="6.44">
    <failure message="1 expectation failed.&#10;Expected status code &lt;201&gt; but was &lt;400&gt;.&#10;" type="java.lang.AssertionError"><![CDATA[java.lang.AssertionError: 
1 expectation failed.
Expected status code <201> but was <400>.

	at RESTAssured.Ecom.signUp(Ecom.java:38)
]]></failure>
  </testcase>
  <testcase name="login" classname="RESTAssured.Ecom" time="4.856">
    <system-out><![CDATA[eyJhbGciOiJIUzI1NiIsInR5cCI6IkpXVCJ9.eyJfaWQiOiI2MjMyMDY2YWM0MDM0MjAwMTc3NDY1ZWQiLCJpYXQiOjE2NDc0NDU5NjQsImV4cCI6MTY0NzUzMjM2NH0.g5wBINWLUZRd6D5Vc4c_hjhwKSCp69ZaSt55qWrf9LQ
]]></system-out>
  </testcase>
  <testcase name="getallusers" classname="RESTAssured.Ecom" time="1.321">
    <failure message="1 expectation failed.&#10;Expected status code &lt;200&gt; but was &lt;500&gt;.&#10;" type="java.lang.AssertionError"><![CDATA[java.lang.AssertionError: 
1 expectation failed.
Expected status code <200> but was <500>.

	at RESTAssured.Ecom.getallusers(Ecom.java:94)
]]></failure>
  </testcase>
</testsuite>