<?xml version="1.0" encoding="UTF-8"?>
<testsuite xmlns:xsi="http://www.w3.org/2001/XMLSchema-instance" xsi:noNamespaceSchemaLocation="https://maven.apache.org/surefire/maven-surefire-plugin/xsd/surefire-test-report-3.0.xsd" version="3.0" name="TestSuite" time="10.149" tests="4" errors="0" skipped="0" failures="0">
  <properties>
[...]
</properties>
  <testcase name="createBoard" classname="RESTAssured.Trello" time="3.497">
    <system-out><![CDATA[[TestNGContentHandler] [WARN] It is strongly recommended to add "<!DOCTYPE suite SYSTEM "http://testng.org/testng-1.0.dtd" >" at the top of your file, otherwise TestNG may fail or not work as expected.
]]></system-out>
  </testcase>
  <testcase name="getBoard" classname="RESTAssured.Trello" time="0.571">
    <system-out><![CDATA[{"id":"622f030807654d7bc66c0d26","name":"tanvi","desc":"","descData":null,"closed":false,"idOrganization":"622eea4280f7dd09231358b8","idEnterprise":null,"pinned":false,"url":"https://trello.com/b/MjbCynRL/tanvi","shortUrl":"https://trello.com/b/MjbCynRL","prefs":{"permissionLevel":"private","hideVotes":false,"voting":"disabled","comments":"members","invitations":"members","selfJoin":true,"cardCovers":true,"isTemplate":false,"cardAging":"regular","calendarFeedEnabled":false,"hiddenPluginBoardButtons":[],"background":"blue","backgroundColor":"#0079BF","backgroundImage":null,"backgroundImageScaled":null,"backgroundTile":false,"backgroundBrightness":"dark","backgroundBottomColor":"#0079BF","backgroundTopColor":"#0079BF","canBePublic":true,"canBeEnterprise":true,"canBeOrg":true,"canBePrivate":true,"canInvite":true},"labelNames":{"green":"","yellow":"","orange":"","red":"","purple":"","blue":"","sky":"","lime":"","pink":"","black":""}}
]]></system-out>
  </testcase>
  <testcase name="deleteBoard" classname="RESTAssured.Trello" time="0.75">
    <system-out><![CDATA[{"_value":null}

]]></system-out>
  </testcase>
  <testcase name="login" classname="RESTAssured.Ecom" time="3.973">
    <system-out><![CDATA[eyJhbGciOiJIUzI1NiIsInR5cCI6IkpXVCJ9.eyJfaWQiOiI2MjMyMDY2YWM0MDM0MjAwMTc3NDY1ZWQiLCJpYXQiOjE2NDc0NTcxODksImV4cCI6MTY0NzU0MzU4OX0.pI-0DhXOISCPmG24wz1GweQvu7TgaiYnmuO-w39eKCQ
]]></system-out>
  </testcase>
</testsuite>