<?xml version="1.0" encoding="UTF-8"?>
<testng-results total="4" passed="4" failed="0" skipped="0">
  <reporter-output>
  </reporter-output>
  <suite started-at="2022-03-16T18:59:41Z" name="Suite" finished-at="2022-03-16T18:59:50Z" duration-ms="8805">
    <groups>
    </groups>
    <test started-at="2022-03-16T18:59:41Z" name="Test" finished-at="2022-03-16T18:59:50Z" duration-ms="8805">
      <class name="RESTAssured.Ecom">
        <test-method signature="login()[pri:1, instance:RESTAssured.Ecom@4e423aa2]" started-at="2022-03-17T00:29:44Z" name="login" finished-at="2022-03-17T00:29:48Z" duration-ms="3974" status="PASS">
          <reporter-output>
          </reporter-output>
        </test-method> <!-- login -->
      </class> <!-- RESTAssured.Ecom -->
      <class name="RESTAssured.Trello">
        <test-method signature="createBoard()[pri:0, instance:RESTAssured.Trello@6e005dc9]" started-at="2022-03-17T00:29:41Z" name="createBoard" finished-at="2022-03-17T00:29:44Z" duration-ms="3497" status="PASS">
          <reporter-output>
          </reporter-output>
        </test-method> <!-- createBoard -->
        <test-method signature="getBoard()[pri:1, instance:RESTAssured.Trello@6e005dc9]" started-at="2022-03-17T00:29:48Z" name="getBoard" finished-at="2022-03-17T00:29:49Z" duration-ms="570" status="PASS">
          <reporter-output>
          </reporter-output>
        </test-method> <!-- getBoard -->
        <test-method signature="deleteBoard()[pri:2, instance:RESTAssured.Trello@6e005dc9]" started-at="2022-03-17T00:29:49Z" name="deleteBoard" finished-at="2022-03-17T00:29:50Z" duration-ms="752" status="PASS">
          <reporter-output>
          </reporter-output>
        </test-method> <!-- deleteBoard -->
      </class> <!-- RESTAssured.Trello -->
    </test> <!-- Test -->
  </suite> <!-- Suite -->
</testng-results>
